[2013-10-31 00:03:54,866][WARN ][cluster.service          ] [Sludge] failed to reconnect to node [Sludge][_Xh_RPr8RMqht_SKNKoHDA][inet[/192.168.0.12:9300]]
org.elasticsearch.transport.ConnectTransportException: [Sludge][inet[/192.168.0.12:9300]] connect_timeout[30s]
	at org.elasticsearch.transport.netty.NettyTransport.connectToChannels(NettyTransport.java:665)
	at org.elasticsearch.transport.netty.NettyTransport.connectToNode(NettyTransport.java:604)
	at org.elasticsearch.transport.netty.NettyTransport.connectToNode(NettyTransport.java:574)
	at org.elasticsearch.transport.TransportService.connectToNode(TransportService.java:127)
	at org.elasticsearch.cluster.service.InternalClusterService$ReconnectToNodes.run(InternalClusterService.java:395)
	at java.util.concurrent.ThreadPoolExecutor.runWorker(ThreadPoolExecutor.java:1145)
	at java.util.concurrent.ThreadPoolExecutor$Worker.run(ThreadPoolExecutor.java:615)
	at java.lang.Thread.run(Thread.java:744)
Caused by: java.net.ConnectException: connection timed out
	at org.elasticsearch.common.netty.channel.socket.nio.NioClientBoss.processConnectTimeout(NioClientBoss.java:136)
	at org.elasticsearch.common.netty.channel.socket.nio.NioClientBoss.process(NioClientBoss.java:82)
	at org.elasticsearch.common.netty.channel.socket.nio.AbstractNioSelector.run(AbstractNioSelector.java:313)
	at org.elasticsearch.common.netty.channel.socket.nio.NioClientBoss.run(NioClientBoss.java:41)
	at org.elasticsearch.common.netty.util.ThreadRenamingRunnable.run(ThreadRenamingRunnable.java:108)
	at org.elasticsearch.common.netty.util.internal.DeadLockProofWorker$1.run(DeadLockProofWorker.java:42)
	... 3 more
[2013-10-31 00:05:49,813][INFO ][node                     ] [Sludge] {0.20.2}[47454]: stopping ...
[2013-10-31 00:06:41,072][INFO ][node                     ] [Sludge] {0.20.2}[47454]: stopped
[2013-10-31 00:06:41,206][INFO ][node                     ] [Sludge] {0.20.2}[47454]: closing ...
[2013-10-31 00:06:46,269][INFO ][node                     ] [Sludge] {0.20.2}[47454]: closed
